[0.016s] Invoking command in '/home/eldry/dv_ws/build/tank_description': DEBUGINFOD_URLS=https://debuginfod.ubuntu.com /usr/bin/cmake --build /home/eldry/dv_ws/build/tank_description -- -j4 -l4
[0.102s] -- Found ament_cmake: 2.5.4 (/opt/ros/jazzy/share/ament_cmake/cmake)
[0.448s] Error parsing '/home/eldry/dv_ws/src/tank_description/package.xml':
[5.188s] Traceback (most recent call last):
[5.189s]   File "/opt/ros/jazzy/share/ament_cmake_core/cmake/core/package_xml_2_cmake.py", line 150, in <module>
[5.189s]     main()
[5.189s]   File "/opt/ros/jazzy/share/ament_cmake_core/cmake/core/package_xml_2_cmake.py", line 53, in main
[5.189s]     raise e
[5.189s]   File "/opt/ros/jazzy/share/ament_cmake_core/cmake/core/package_xml_2_cmake.py", line 49, in main
[5.190s]     package = parse_package_string(
[5.190s]               ^^^^^^^^^^^^^^^^^^^^^
[5.190s]   File "/usr/lib/python3/dist-packages/catkin_pkg/package.py", line 788, in parse_package_string
[5.190s]     pkg.validate(warnings=warnings)
[5.190s]   File "/usr/lib/python3/dist-packages/catkin_pkg/package.py", line 330, in validate
[5.190s]     raise InvalidPackage('\n'.join(errors), self.filename)
[5.190s] catkin_pkg.package.InvalidPackage: Error(s) in package '/home/eldry/dv_ws/src/tank_description/package.xml':
[5.190s] Package description must not be empty
[5.190s] Invalid email "" for person ""
[5.190s] Maintainers must have an email address
[5.190s] The license tag must neither be empty nor only contain whitespaces
[5.191s] Error in sys.excepthook:
[5.192s] Traceback (most recent call last):
[5.192s]   File "/usr/lib/python3/dist-packages/apport_python_hook.py", line 228, in partial_apport_excepthook
[5.192s]     return apport_excepthook(binary, exc_type, exc_obj, exc_tb)
[5.192s]            ^^^^^^^^^^^^^^^^^^^^^^^^^^^^^^^^^^^^^^^^^^^^^^^^^^^^
[5.194s]   File "/usr/lib/python3/dist-packages/apport_python_hook.py", line 144, in apport_excepthook
[5.194s]     os.open(pr_filename, os.O_WRONLY | os.O_CREAT | os.O_EXCL, 0o640), "wb"
[5.194s]     ^^^^^^^^^^^^^^^^^^^^^^^^^^^^^^^^^^^^^^^^^^^^^^^^^^^^^^^^^^^^^^^^^
[5.194s] FileExistsError: [Errno 17] File exists: '/var/crash/_opt_ros_jazzy_share_ament_cmake_core_cmake_core_package_xml_2_cmake.py.1000.crash'
[5.194s] 
[5.194s] Original exception was:
[5.194s] Traceback (most recent call last):
[5.194s]   File "/opt/ros/jazzy/share/ament_cmake_core/cmake/core/package_xml_2_cmake.py", line 150, in <module>
[5.194s]     main()
[5.194s]   File "/opt/ros/jazzy/share/ament_cmake_core/cmake/core/package_xml_2_cmake.py", line 53, in main
[5.194s]     raise e
[5.194s]   File "/opt/ros/jazzy/share/ament_cmake_core/cmake/core/package_xml_2_cmake.py", line 49, in main
[5.195s]     package = parse_package_string(
[5.195s]               ^^^^^^^^^^^^^^^^^^^^^
[5.195s]   File "/usr/lib/python3/dist-packages/catkin_pkg/package.py", line 788, in parse_package_string
[5.195s]     pkg.validate(warnings=warnings)
[5.197s]   File "/usr/lib/python3/dist-packages/catkin_pkg/package.py", line 330, in validate
[5.197s]     raise InvalidPackage('\n'.join(errors), self.filename)
[5.197s] catkin_pkg.package.InvalidPackage: Error(s) in package '/home/eldry/dv_ws/src/tank_description/package.xml':
[5.198s] Package description must not be empty
[5.201s] Invalid email "" for person ""
[5.201s] Maintainers must have an email address
[5.201s] The license tag must neither be empty nor only contain whitespaces
[5.260s] [31mCMake Error at /opt/ros/jazzy/share/ament_cmake_core/cmake/core/ament_package_xml.cmake:95 (message):
[5.260s]   execute_process(/usr/bin/python3
[5.260s]   /opt/ros/jazzy/share/ament_cmake_core/cmake/core/package_xml_2_cmake.py
[5.260s]   /home/eldry/dv_ws/src/tank_description/package.xml
[5.261s]   /home/eldry/dv_ws/build/tank_description/ament_cmake_core/package.cmake)
[5.261s]   returned error code 1
[5.261s] Call Stack (most recent call first):
[5.261s]   /opt/ros/jazzy/share/ament_cmake_core/cmake/core/ament_package_xml.cmake:49 (_ament_package_xml)
[5.261s]   /opt/ros/jazzy/share/ament_cmake_core/cmake/core/ament_package.cmake:63 (ament_package_xml)
[5.261s]   CMakeLists.txt:17 (ament_package)
[5.261s] 
[5.261s] [0m
[5.261s] -- Configuring incomplete, errors occurred!
[5.267s] gmake: *** [Makefile:226: cmake_check_build_system] Error 1
[5.270s] Invoked command in '/home/eldry/dv_ws/build/tank_description' returned '2': DEBUGINFOD_URLS=https://debuginfod.ubuntu.com /usr/bin/cmake --build /home/eldry/dv_ws/build/tank_description -- -j4 -l4
