[0.014s] Invoking command in '/home/eldry/dv_ws/build/tank_interfaces': DEBUGINFOD_URLS=https://debuginfod.ubuntu.com /usr/bin/cmake --build /home/eldry/dv_ws/build/tank_interfaces -- -j4 -l4
[0.044s] -- Found ament_cmake: 2.5.4 (/opt/ros/jazzy/share/ament_cmake/cmake)
[0.164s] -- Found rosidl_default_generators: 1.6.0 (/opt/ros/jazzy/share/rosidl_default_generators/cmake)
[0.167s] -- Using all available rosidl_typesupport_c: rosidl_typesupport_fastrtps_c;rosidl_typesupport_introspection_c
[0.208s] -- Using all available rosidl_typesupport_cpp: rosidl_typesupport_fastrtps_cpp;rosidl_typesupport_introspection_cpp
[0.241s] -- Found rosidl_adapter: 4.6.6 (/opt/ros/jazzy/share/rosidl_adapter/cmake)
[0.496s] Error parsing '/home/eldry/dv_ws/src/tank_interfaces/package.xml':
[4.663s] Traceback (most recent call last):
[4.663s]   File "/opt/ros/jazzy/share/ament_cmake_core/cmake/core/package_xml_2_cmake.py", line 150, in <module>
[4.664s]     main()
[4.664s]   File "/opt/ros/jazzy/share/ament_cmake_core/cmake/core/package_xml_2_cmake.py", line 53, in main
[4.664s]     raise e
[4.664s]   File "/opt/ros/jazzy/share/ament_cmake_core/cmake/core/package_xml_2_cmake.py", line 49, in main
[4.664s]     package = parse_package_string(
[4.665s]               ^^^^^^^^^^^^^^^^^^^^^
[4.665s]   File "/usr/lib/python3/dist-packages/catkin_pkg/package.py", line 788, in parse_package_string
[4.665s]     pkg.validate(warnings=warnings)
[4.665s]   File "/usr/lib/python3/dist-packages/catkin_pkg/package.py", line 330, in validate
[4.665s]     raise InvalidPackage('\n'.join(errors), self.filename)
[4.665s] catkin_pkg.package.InvalidPackage: Error(s) in package '/home/eldry/dv_ws/src/tank_interfaces/package.xml':
[4.666s] Invalid email "sl" for person "Samy et Landry"
[4.704s] [31mCMake Error at /opt/ros/jazzy/share/ament_cmake_core/cmake/core/ament_package_xml.cmake:95 (message):
[4.704s]   execute_process(/usr/bin/python3
[4.704s]   /opt/ros/jazzy/share/ament_cmake_core/cmake/core/package_xml_2_cmake.py
[4.705s]   /home/eldry/dv_ws/src/tank_interfaces/package.xml
[4.705s]   /home/eldry/dv_ws/build/tank_interfaces/ament_cmake_core/package.cmake)
[4.705s]   returned error code 1
[4.705s] Call Stack (most recent call first):
[4.705s]   /opt/ros/jazzy/share/ament_cmake_core/cmake/core/ament_package_xml.cmake:49 (_ament_package_xml)
[4.706s]   /opt/ros/jazzy/share/rosidl_cmake/cmake/rosidl_generate_interfaces.cmake:220 (ament_package_xml)
[4.706s]   CMakeLists.txt:12 (rosidl_generate_interfaces)
[4.706s] 
[4.706s] [0m
[4.706s] -- Configuring incomplete, errors occurred!
[4.713s] gmake: *** [Makefile:815: cmake_check_build_system] Error 1
