[0.016s] Invoking command in '/home/eldry/dv_ws/build/tank_interfaces': DEBUGINFOD_URLS=https://debuginfod.ubuntu.com /usr/bin/cmake --build /home/eldry/dv_ws/build/tank_interfaces -- -j4 -l4
[0.099s] -- Found ament_cmake: 2.5.4 (/opt/ros/jazzy/share/ament_cmake/cmake)
[0.132s] -- Found Python3: /usr/bin/python3 (found version "3.12.3") found components: Interpreter 
[0.259s] -- Found rosidl_default_generators: 1.6.0 (/opt/ros/jazzy/share/rosidl_default_generators/cmake)
[0.267s] -- Using all available rosidl_typesupport_c: rosidl_typesupport_fastrtps_c;rosidl_typesupport_introspection_c
[0.339s] -- Using all available rosidl_typesupport_cpp: rosidl_typesupport_fastrtps_cpp;rosidl_typesupport_introspection_cpp
[0.396s] -- Found rosidl_adapter: 4.6.6 (/opt/ros/jazzy/share/rosidl_adapter/cmake)
[0.663s] Error parsing '/home/eldry/dv_ws/src/tank_interfaces/package.xml':
[5.181s] Traceback (most recent call last):
[5.184s]   File "/opt/ros/jazzy/share/ament_cmake_core/cmake/core/package_xml_2_cmake.py", line 150, in <module>
[5.204s]     main()
[5.204s]   File "/opt/ros/jazzy/share/ament_cmake_core/cmake/core/package_xml_2_cmake.py", line 53, in main
[5.204s]     raise e
[5.204s]   File "/opt/ros/jazzy/share/ament_cmake_core/cmake/core/package_xml_2_cmake.py", line 49, in main
[5.204s]     package = parse_package_string(
[5.204s]               ^^^^^^^^^^^^^^^^^^^^^
[5.204s]   File "/usr/lib/python3/dist-packages/catkin_pkg/package.py", line 788, in parse_package_string
[5.204s]     pkg.validate(warnings=warnings)
[5.204s]   File "/usr/lib/python3/dist-packages/catkin_pkg/package.py", line 330, in validate
[5.204s]     raise InvalidPackage('\n'.join(errors), self.filename)
[5.205s] catkin_pkg.package.InvalidPackage: Error(s) in package '/home/eldry/dv_ws/src/tank_interfaces/package.xml':
[5.205s] Package description must not be empty
[5.205s] Invalid email "" for person ""
[5.205s] Maintainers must have an email address
[5.205s] The license tag must neither be empty nor only contain whitespaces
[5.261s] [31mCMake Error at /opt/ros/jazzy/share/ament_cmake_core/cmake/core/ament_package_xml.cmake:95 (message):
[5.262s]   execute_process(/usr/bin/python3
[5.262s]   /opt/ros/jazzy/share/ament_cmake_core/cmake/core/package_xml_2_cmake.py
[5.262s]   /home/eldry/dv_ws/src/tank_interfaces/package.xml
[5.262s]   /home/eldry/dv_ws/build/tank_interfaces/ament_cmake_core/package.cmake)
[5.262s]   returned error code 1
[5.262s] Call Stack (most recent call first):
[5.262s]   /opt/ros/jazzy/share/ament_cmake_core/cmake/core/ament_package_xml.cmake:49 (_ament_package_xml)
[5.262s]   /opt/ros/jazzy/share/rosidl_cmake/cmake/rosidl_generate_interfaces.cmake:220 (ament_package_xml)
[5.262s]   CMakeLists.txt:12 (rosidl_generate_interfaces)
[5.262s] 
[5.263s] [0m
[5.263s] -- Configuring incomplete, errors occurred!
[5.270s] gmake: *** [Makefile:815: cmake_check_build_system] Error 1
