[0.014s] Invoking command in '/home/eldry/dv_ws/build/tank_description': DEBUGINFOD_URLS=https://debuginfod.ubuntu.com /usr/bin/cmake --build /home/eldry/dv_ws/build/tank_description -- -j4 -l4
[0.037s] -- Found ament_cmake: 2.5.4 (/opt/ros/jazzy/share/ament_cmake/cmake)
[0.353s] Error parsing '/home/eldry/dv_ws/src/tank_description/package.xml':
[4.492s] Traceback (most recent call last):
[4.492s]   File "/opt/ros/jazzy/share/ament_cmake_core/cmake/core/package_xml_2_cmake.py", line 150, in <module>
[4.492s]     main()
[4.492s]   File "/opt/ros/jazzy/share/ament_cmake_core/cmake/core/package_xml_2_cmake.py", line 53, in main
[4.492s]     raise e
[4.492s]   File "/opt/ros/jazzy/share/ament_cmake_core/cmake/core/package_xml_2_cmake.py", line 49, in main
[4.492s]     package = parse_package_string(
[4.493s]               ^^^^^^^^^^^^^^^^^^^^^
[4.493s]   File "/usr/lib/python3/dist-packages/catkin_pkg/package.py", line 788, in parse_package_string
[4.493s]     pkg.validate(warnings=warnings)
[4.493s]   File "/usr/lib/python3/dist-packages/catkin_pkg/package.py", line 330, in validate
[4.493s]     raise InvalidPackage('\n'.join(errors), self.filename)
[4.493s] catkin_pkg.package.InvalidPackage: Error(s) in package '/home/eldry/dv_ws/src/tank_description/package.xml':
[4.493s] Invalid email "sl" for person "Samy et Landry"
[4.568s] [31mCMake Error at /opt/ros/jazzy/share/ament_cmake_core/cmake/core/ament_package_xml.cmake:95 (message):
[4.568s]   execute_process(/usr/bin/python3
[4.568s]   /opt/ros/jazzy/share/ament_cmake_core/cmake/core/package_xml_2_cmake.py
[4.568s]   /home/eldry/dv_ws/src/tank_description/package.xml
[4.568s]   /home/eldry/dv_ws/build/tank_description/ament_cmake_core/package.cmake)
[4.568s]   returned error code 1
[4.568s] Call Stack (most recent call first):
[4.568s]   /opt/ros/jazzy/share/ament_cmake_core/cmake/core/ament_package_xml.cmake:49 (_ament_package_xml)
[4.568s]   /opt/ros/jazzy/share/ament_cmake_core/cmake/core/ament_package.cmake:63 (ament_package_xml)
[4.568s]   CMakeLists.txt:17 (ament_package)
[4.568s] 
[4.569s] [0m
[4.569s] -- Configuring incomplete, errors occurred!
[4.571s] gmake: *** [Makefile:226: cmake_check_build_system] Error 1
