[0.015s] Invoking command in '/home/eldry/dv_ws/build/tank_interfaces': DEBUGINFOD_URLS=https://debuginfod.ubuntu.com /usr/bin/cmake --build /home/eldry/dv_ws/build/tank_interfaces -- -j4 -l4
[0.041s] -- Found ament_cmake: 2.5.4 (/opt/ros/jazzy/share/ament_cmake/cmake)
[0.162s] -- Found rosidl_default_generators: 1.6.0 (/opt/ros/jazzy/share/rosidl_default_generators/cmake)
[0.165s] -- Using all available rosidl_typesupport_c: rosidl_typesupport_fastrtps_c;rosidl_typesupport_introspection_c
[0.207s] -- Using all available rosidl_typesupport_cpp: rosidl_typesupport_fastrtps_cpp;rosidl_typesupport_introspection_cpp
[0.240s] -- Found rosidl_adapter: 4.6.6 (/opt/ros/jazzy/share/rosidl_adapter/cmake)
[0.504s] Error parsing '/home/eldry/dv_ws/src/tank_interfaces/package.xml':
[4.789s] Traceback (most recent call last):
[4.789s]   File "/opt/ros/jazzy/share/ament_cmake_core/cmake/core/package_xml_2_cmake.py", line 150, in <module>
[4.789s]     main()
[4.790s]   File "/opt/ros/jazzy/share/ament_cmake_core/cmake/core/package_xml_2_cmake.py", line 53, in main
[4.790s]     raise e
[4.790s]   File "/opt/ros/jazzy/share/ament_cmake_core/cmake/core/package_xml_2_cmake.py", line 49, in main
[4.790s]     package = parse_package_string(
[4.790s]               ^^^^^^^^^^^^^^^^^^^^^
[4.790s]   File "/usr/lib/python3/dist-packages/catkin_pkg/package.py", line 788, in parse_package_string
[4.790s]     pkg.validate(warnings=warnings)
[4.790s]   File "/usr/lib/python3/dist-packages/catkin_pkg/package.py", line 330, in validate
[4.790s]     raise InvalidPackage('\n'.join(errors), self.filename)
[4.790s] catkin_pkg.package.InvalidPackage: Error(s) in package '/home/eldry/dv_ws/src/tank_interfaces/package.xml':
[4.790s] Package description must not be empty
[4.790s] Invalid email "sl" for person "Samy et Landry"
[4.790s] The license tag must neither be empty nor only contain whitespaces
[4.837s] [31mCMake Error at /opt/ros/jazzy/share/ament_cmake_core/cmake/core/ament_package_xml.cmake:95 (message):
[4.837s]   execute_process(/usr/bin/python3
[4.838s]   /opt/ros/jazzy/share/ament_cmake_core/cmake/core/package_xml_2_cmake.py
[4.838s]   /home/eldry/dv_ws/src/tank_interfaces/package.xml
[4.838s]   /home/eldry/dv_ws/build/tank_interfaces/ament_cmake_core/package.cmake)
[4.838s]   returned error code 1
[4.838s] Call Stack (most recent call first):
[4.839s]   /opt/ros/jazzy/share/ament_cmake_core/cmake/core/ament_package_xml.cmake:49 (_ament_package_xml)
[4.839s]   /opt/ros/jazzy/share/rosidl_cmake/cmake/rosidl_generate_interfaces.cmake:220 (ament_package_xml)
[4.839s]   CMakeLists.txt:12 (rosidl_generate_interfaces)
[4.839s] 
[4.839s] [0m
[4.839s] -- Configuring incomplete, errors occurred!
[4.845s] gmake: *** [Makefile:815: cmake_check_build_system] Error 1
