[0.015s] Invoking command in '/home/eldry/dv_ws/build/tank_description': DEBUGINFOD_URLS=https://debuginfod.ubuntu.com /usr/bin/cmake --build /home/eldry/dv_ws/build/tank_description -- -j4 -l4
[0.039s] -- Found ament_cmake: 2.5.4 (/opt/ros/jazzy/share/ament_cmake/cmake)
[0.358s] Error parsing '/home/eldry/dv_ws/src/tank_description/package.xml':
[4.603s] Traceback (most recent call last):
[4.603s]   File "/opt/ros/jazzy/share/ament_cmake_core/cmake/core/package_xml_2_cmake.py", line 150, in <module>
[4.603s]     main()
[4.610s]   File "/opt/ros/jazzy/share/ament_cmake_core/cmake/core/package_xml_2_cmake.py", line 53, in main
[4.610s]     raise e
[4.610s]   File "/opt/ros/jazzy/share/ament_cmake_core/cmake/core/package_xml_2_cmake.py", line 49, in main
[4.610s]     package = parse_package_string(
[4.610s]               ^^^^^^^^^^^^^^^^^^^^^
[4.610s]   File "/usr/lib/python3/dist-packages/catkin_pkg/package.py", line 788, in parse_package_string
[4.610s]     pkg.validate(warnings=warnings)
[4.610s]   File "/usr/lib/python3/dist-packages/catkin_pkg/package.py", line 330, in validate
[4.610s]     raise InvalidPackage('\n'.join(errors), self.filename)
[4.610s] catkin_pkg.package.InvalidPackage: Error(s) in package '/home/eldry/dv_ws/src/tank_description/package.xml':
[4.610s] Package description must not be empty
[4.610s] Invalid email "sl" for person "Samy et Landry"
[4.610s] The license tag must neither be empty nor only contain whitespaces
[4.716s] [31mCMake Error at /opt/ros/jazzy/share/ament_cmake_core/cmake/core/ament_package_xml.cmake:95 (message):
[4.717s]   execute_process(/usr/bin/python3
[4.717s]   /opt/ros/jazzy/share/ament_cmake_core/cmake/core/package_xml_2_cmake.py
[4.717s]   /home/eldry/dv_ws/src/tank_description/package.xml
[4.717s]   /home/eldry/dv_ws/build/tank_description/ament_cmake_core/package.cmake)
[4.717s]   returned error code 1
[4.717s] Call Stack (most recent call first):
[4.717s]   /opt/ros/jazzy/share/ament_cmake_core/cmake/core/ament_package_xml.cmake:49 (_ament_package_xml)
[4.717s]   /opt/ros/jazzy/share/ament_cmake_core/cmake/core/ament_package.cmake:63 (ament_package_xml)
[4.717s]   CMakeLists.txt:17 (ament_package)
[4.717s] 
[4.717s] [0m
[4.719s] -- Configuring incomplete, errors occurred!
[4.724s] gmake: *** [Makefile:226: cmake_check_build_system] Error 1
[4.727s] Invoked command in '/home/eldry/dv_ws/build/tank_description' returned '2': DEBUGINFOD_URLS=https://debuginfod.ubuntu.com /usr/bin/cmake --build /home/eldry/dv_ws/build/tank_description -- -j4 -l4
