[0.025s] Invoking command in '/home/eldry/dv_ws/build/tank_bringup': DEBUGINFOD_URLS=https://debuginfod.ubuntu.com /usr/bin/cmake --build /home/eldry/dv_ws/build/tank_bringup -- -j4 -l4
[0.117s] -- Found ament_cmake: 2.5.4 (/opt/ros/jazzy/share/ament_cmake/cmake)
[0.451s] Error parsing '/home/eldry/dv_ws/src/tank_bringup/package.xml':
[5.217s] Traceback (most recent call last):
[5.217s]   File "/opt/ros/jazzy/share/ament_cmake_core/cmake/core/package_xml_2_cmake.py", line 150, in <module>
[5.218s]     main()
[5.218s]   File "/opt/ros/jazzy/share/ament_cmake_core/cmake/core/package_xml_2_cmake.py", line 53, in main
[5.218s]     raise e
[5.218s]   File "/opt/ros/jazzy/share/ament_cmake_core/cmake/core/package_xml_2_cmake.py", line 49, in main
[5.218s]     package = parse_package_string(
[5.218s]               ^^^^^^^^^^^^^^^^^^^^^
[5.219s]   File "/usr/lib/python3/dist-packages/catkin_pkg/package.py", line 788, in parse_package_string
[5.219s]     pkg.validate(warnings=warnings)
[5.220s]   File "/usr/lib/python3/dist-packages/catkin_pkg/package.py", line 330, in validate
[5.220s]     raise InvalidPackage('\n'.join(errors), self.filename)
[5.220s] catkin_pkg.package.InvalidPackage: Error(s) in package '/home/eldry/dv_ws/src/tank_bringup/package.xml':
[5.220s] Invalid email "" for person ""
[5.221s] Maintainers must have an email address
[5.222s] The license tag must neither be empty nor only contain whitespaces
[5.276s] [31mCMake Error at /opt/ros/jazzy/share/ament_cmake_core/cmake/core/ament_package_xml.cmake:95 (message):
[5.276s]   execute_process(/usr/bin/python3
[5.276s]   /opt/ros/jazzy/share/ament_cmake_core/cmake/core/package_xml_2_cmake.py
[5.276s]   /home/eldry/dv_ws/src/tank_bringup/package.xml
[5.276s]   /home/eldry/dv_ws/build/tank_bringup/ament_cmake_core/package.cmake)
[5.278s]   returned error code 1
[5.278s] Call Stack (most recent call first):
[5.278s]   /opt/ros/jazzy/share/ament_cmake_core/cmake/core/ament_package_xml.cmake:49 (_ament_package_xml)
[5.278s]   /opt/ros/jazzy/share/ament_cmake_core/cmake/core/ament_package.cmake:63 (ament_package_xml)
[5.278s]   CMakeLists.txt:14 (ament_package)
[5.278s] 
[5.278s] [0m
[5.278s] -- Configuring incomplete, errors occurred!
[5.283s] gmake: *** [Makefile:226: cmake_check_build_system] Error 1
